Started GET "/" for 127.0.0.1 at 2019-02-26 14:02:30 -0800

PG::ConnectionBad - FATAL:  database "sweaty_development" does not exist
:

Started POST "/__better_errors/8bded0719e1f6ffa/variables" for 127.0.0.1 at 2019-02-26 14:02:30 -0800
  [1m[35m (273.9ms)[0m  [1m[35mCREATE DATABASE "sweaty_development" ENCODING = 'unicode'[0m
  ↳ bin/rails:9
  [1m[35m (229.0ms)[0m  [1m[35mCREATE DATABASE "sweaty_test" ENCODING = 'unicode'[0m
  ↳ bin/rails:9
Started GET "/" for 127.0.0.1 at 2019-02-26 14:03:09 -0800
Processing by StaticPagesController#root as HTML
  Rendering static_pages/root.html.erb within layouts/application
  Rendered static_pages/root.html.erb within layouts/application (1.8ms)
Completed 200 OK in 1600ms (Views: 1599.3ms | ActiveRecord: 0.0ms)


Started GET "/" for 127.0.0.1 at 2019-02-26 14:03:57 -0800
Processing by StaticPagesController#root as HTML
  Rendering static_pages/root.html.erb within layouts/application
  Rendered static_pages/root.html.erb within layouts/application (0.5ms)
Completed 200 OK in 569ms (Views: 567.9ms | ActiveRecord: 0.0ms)


  [1m[35m (14.5ms)[0m  [1m[35mCREATE TABLE "schema_migrations" ("version" character varying NOT NULL PRIMARY KEY)[0m
  ↳ bin/rails:9
  [1m[35m (14.4ms)[0m  [1m[35mCREATE TABLE "ar_internal_metadata" ("key" character varying NOT NULL PRIMARY KEY, "value" character varying, "created_at" timestamp NOT NULL, "updated_at" timestamp NOT NULL)[0m
  ↳ bin/rails:9
  [1m[35m (0.2ms)[0m  [1m[34mSELECT pg_try_advisory_lock(5066897187292489500)[0m
  ↳ bin/rails:9
  [1m[35m (0.3ms)[0m  [1m[34mSELECT "schema_migrations"."version" FROM "schema_migrations" ORDER BY "schema_migrations"."version" ASC[0m
  ↳ bin/rails:9
Migrating to CreateUsers (20190226220939)
  [1m[35m (0.1ms)[0m  [1m[34mSELECT pg_advisory_unlock(5066897187292489500)[0m
  ↳ bin/rails:9
  [1m[35m (0.2ms)[0m  [1m[34mSELECT pg_try_advisory_lock(5066897187292489500)[0m
  ↳ bin/rails:9
  [1m[35m (0.3ms)[0m  [1m[34mSELECT "schema_migrations"."version" FROM "schema_migrations" ORDER BY "schema_migrations"."version" ASC[0m
  ↳ bin/rails:9
Migrating to CreateUsers (20190226220939)
  [1m[35m (0.1ms)[0m  [1m[34mSELECT pg_advisory_unlock(5066897187292489500)[0m
  ↳ bin/rails:9
  [1m[35m (0.5ms)[0m  [1m[35mCREATE DATABASE "sweaty_development" ENCODING = 'unicode'[0m
  ↳ bin/rails:9
  [1m[35m (0.6ms)[0m  [1m[35mCREATE DATABASE "sweaty_test" ENCODING = 'unicode'[0m
  ↳ bin/rails:9
  [1m[35m (1.1ms)[0m  [1m[34mSELECT "schema_migrations"."version" FROM "schema_migrations" ORDER BY "schema_migrations"."version" ASC[0m
  ↳ bin/rails:9
  [1m[35m (0.1ms)[0m  [1m[34mSELECT "schema_migrations"."version" FROM "schema_migrations" ORDER BY "schema_migrations"."version" ASC[0m
  ↳ bin/rails:9
  [1m[35m (0.1ms)[0m  [1m[34mSELECT pg_try_advisory_lock(5066897187292489500)[0m
  ↳ bin/rails:9
  [1m[35m (0.3ms)[0m  [1m[34mSELECT "schema_migrations"."version" FROM "schema_migrations" ORDER BY "schema_migrations"."version" ASC[0m
  ↳ bin/rails:9
Migrating to CreateUsers (20190226220939)
  [1m[35m (0.2ms)[0m  [1m[34mSELECT pg_advisory_unlock(5066897187292489500)[0m
  ↳ bin/rails:9
  [1m[35m (0.3ms)[0m  [1m[34mSELECT "schema_migrations"."version" FROM "schema_migrations" ORDER BY "schema_migrations"."version" ASC[0m
  ↳ bin/rails:9
  [1m[35m (0.2ms)[0m  [1m[34mSELECT "schema_migrations"."version" FROM "schema_migrations" ORDER BY "schema_migrations"."version" ASC[0m
  ↳ bin/rails:9
  [1m[35m (133.6ms)[0m  [1m[35mDROP DATABASE IF EXISTS "sweaty_development"[0m
  ↳ bin/rails:9
  [1m[35m (105.7ms)[0m  [1m[35mDROP DATABASE IF EXISTS "sweaty_test"[0m
  ↳ bin/rails:9
  [1m[35m (231.0ms)[0m  [1m[35mCREATE DATABASE "sweaty_development" ENCODING = 'unicode'[0m
  ↳ bin/rails:9
  [1m[35m (228.0ms)[0m  [1m[35mCREATE DATABASE "sweaty_test" ENCODING = 'unicode'[0m
  ↳ bin/rails:9
  [1m[35m (0.8ms)[0m  [1m[35mCREATE DATABASE "sweaty_development" ENCODING = 'unicode'[0m
  ↳ bin/rails:9
  [1m[35m (0.6ms)[0m  [1m[35mCREATE DATABASE "sweaty_test" ENCODING = 'unicode'[0m
  ↳ bin/rails:9
  [1m[35m (41.0ms)[0m  [1m[35mCREATE TABLE "schema_migrations" ("version" character varying NOT NULL PRIMARY KEY)[0m
  ↳ bin/rails:9
  [1m[35m (12.7ms)[0m  [1m[35mCREATE TABLE "ar_internal_metadata" ("key" character varying NOT NULL PRIMARY KEY, "value" character varying, "created_at" timestamp NOT NULL, "updated_at" timestamp NOT NULL)[0m
  ↳ bin/rails:9
  [1m[35m (0.1ms)[0m  [1m[34mSELECT pg_try_advisory_lock(5066897187292489500)[0m
  ↳ bin/rails:9
  [1m[35m (0.3ms)[0m  [1m[34mSELECT "schema_migrations"."version" FROM "schema_migrations" ORDER BY "schema_migrations"."version" ASC[0m
  ↳ bin/rails:9
Migrating to CreateUsers (20190226220939)
  [1m[35m (0.2ms)[0m  [1m[34mSELECT pg_advisory_unlock(5066897187292489500)[0m
  ↳ bin/rails:9
  [1m[35m (0.1ms)[0m  [1m[34mSELECT pg_try_advisory_lock(5066897187292489500)[0m
  ↳ bin/rails:9
  [1m[35m (0.3ms)[0m  [1m[34mSELECT "schema_migrations"."version" FROM "schema_migrations" ORDER BY "schema_migrations"."version" ASC[0m
  ↳ bin/rails:9
Migrating to CreateUsers (20190226220939)
  [1m[35m (0.1ms)[0m  [1m[34mSELECT pg_advisory_unlock(5066897187292489500)[0m
  ↳ bin/rails:9
  [1m[35m (0.1ms)[0m  [1m[34mSELECT pg_try_advisory_lock(5066897187292489500)[0m
  ↳ bin/rails:9
  [1m[35m (0.3ms)[0m  [1m[34mSELECT "schema_migrations"."version" FROM "schema_migrations" ORDER BY "schema_migrations"."version" ASC[0m
  ↳ bin/rails:9
Migrating to CreateUsers (20190226220939)
  [1m[35m (0.1ms)[0m  [1m[34mSELECT pg_advisory_unlock(5066897187292489500)[0m
  ↳ bin/rails:9
  [1m[35m (0.2ms)[0m  [1m[34mSELECT pg_try_advisory_lock(5066897187292489500)[0m
  ↳ bin/rails:9
  [1m[35m (0.4ms)[0m  [1m[34mSELECT "schema_migrations"."version" FROM "schema_migrations" ORDER BY "schema_migrations"."version" ASC[0m
  ↳ bin/rails:9
Migrating to CreateUsers (20190226220939)
  [1m[35m (0.2ms)[0m  [1m[34mSELECT pg_advisory_unlock(5066897187292489500)[0m
  ↳ bin/rails:9
  [1m[35m (0.2ms)[0m  [1m[34mSELECT pg_try_advisory_lock(5066897187292489500)[0m
  ↳ bin/rails:9
  [1m[35m (0.3ms)[0m  [1m[34mSELECT "schema_migrations"."version" FROM "schema_migrations" ORDER BY "schema_migrations"."version" ASC[0m
  ↳ bin/rails:9
Migrating to CreateUsers (20190226220939)
  [1m[35m (0.2ms)[0m  [1m[34mSELECT pg_advisory_unlock(5066897187292489500)[0m
  ↳ bin/rails:9
  [1m[35m (0.2ms)[0m  [1m[34mSELECT pg_try_advisory_lock(5066897187292489500)[0m
  ↳ bin/rails:9
  [1m[35m (0.4ms)[0m  [1m[34mSELECT "schema_migrations"."version" FROM "schema_migrations" ORDER BY "schema_migrations"."version" ASC[0m
  ↳ bin/rails:9
Migrating to CreateUsers (20190226220939)
  [1m[35m (0.2ms)[0m  [1m[34mSELECT pg_advisory_unlock(5066897187292489500)[0m
  ↳ bin/rails:9
  [1m[35m (0.1ms)[0m  [1m[34mSELECT pg_try_advisory_lock(5066897187292489500)[0m
  ↳ bin/rails:9
  [1m[35m (0.3ms)[0m  [1m[34mSELECT "schema_migrations"."version" FROM "schema_migrations" ORDER BY "schema_migrations"."version" ASC[0m
  ↳ bin/rails:9
Migrating to CreateUsers (20190226220939)
  [1m[35m (0.1ms)[0m  [1m[34mSELECT pg_advisory_unlock(5066897187292489500)[0m
  ↳ bin/rails:9
  [1m[35m (0.1ms)[0m  [1m[34mSELECT pg_try_advisory_lock(5066897187292489500)[0m
  ↳ bin/rails:9
  [1m[35m (0.4ms)[0m  [1m[34mSELECT "schema_migrations"."version" FROM "schema_migrations" ORDER BY "schema_migrations"."version" ASC[0m
  ↳ bin/rails:9
Migrating to CreateUsers (20190226220939)
  [1m[35m (0.1ms)[0m  [1m[35mBEGIN[0m
  ↳ bin/rails:9
  [1m[35m (11.3ms)[0m  [1m[35mCREATE TABLE "users" ("id" bigserial primary key, "email" character varying NOT NULL, "fname" character varying, "lname" character varying, "session_token" character varying NOT NULL, "password_digest" character varying NOT NULL, "username" character varying NOT NULL, "friend_id" integer, "city" character varying, "state" character varying, "country" character varying, "height" integer, "weight" integer, "birthday" date, "created_at" timestamp NOT NULL, "updated_at" timestamp NOT NULL)[0m
  ↳ db/migrate/20190226220939_create_users.rb:3
  [1m[35m (5.6ms)[0m  [1m[35mCREATE UNIQUE INDEX  "index_users_on_email" ON "users"  ("email")[0m
  ↳ db/migrate/20190226220939_create_users.rb:20
  [1m[35m (4.8ms)[0m  [1m[35mCREATE UNIQUE INDEX  "index_users_on_username" ON "users"  ("username")[0m
  ↳ db/migrate/20190226220939_create_users.rb:21
  [1m[35m (5.1ms)[0m  [1m[35mCREATE  INDEX  "index_users_on_friend_id" ON "users"  ("friend_id")[0m
  ↳ db/migrate/20190226220939_create_users.rb:22
  [1m[35m (4.9ms)[0m  [1m[35mCREATE  INDEX  "index_users_on_fname" ON "users"  ("fname")[0m
  ↳ db/migrate/20190226220939_create_users.rb:23
  [1m[35m (4.8ms)[0m  [1m[35mCREATE  INDEX  "index_users_on_lname" ON "users"  ("lname")[0m
  ↳ db/migrate/20190226220939_create_users.rb:24
  [1m[36mActiveRecord::SchemaMigration Create (0.4ms)[0m  [1m[32mINSERT INTO "schema_migrations" ("version") VALUES ($1) RETURNING "version"[0m  [["version", "20190226220939"]]
  ↳ bin/rails:9
  [1m[35m (2.6ms)[0m  [1m[35mCOMMIT[0m
  ↳ bin/rails:9
  [1m[36mActiveRecord::InternalMetadata Load (0.6ms)[0m  [1m[34mSELECT  "ar_internal_metadata".* FROM "ar_internal_metadata" WHERE "ar_internal_metadata"."key" = $1 LIMIT $2[0m  [["key", "environment"], ["LIMIT", 1]]
  ↳ bin/rails:9
  [1m[35m (0.1ms)[0m  [1m[35mBEGIN[0m
  ↳ bin/rails:9
  [1m[36mActiveRecord::InternalMetadata Create (0.3ms)[0m  [1m[32mINSERT INTO "ar_internal_metadata" ("key", "value", "created_at", "updated_at") VALUES ($1, $2, $3, $4) RETURNING "key"[0m  [["key", "environment"], ["value", "development"], ["created_at", "2019-02-26 22:48:42.801159"], ["updated_at", "2019-02-26 22:48:42.801159"]]
  ↳ bin/rails:9
  [1m[35m (2.3ms)[0m  [1m[35mCOMMIT[0m
  ↳ bin/rails:9
  [1m[35m (0.1ms)[0m  [1m[34mSELECT pg_advisory_unlock(5066897187292489500)[0m
  ↳ bin/rails:9
  [1m[35m (0.2ms)[0m  [1m[34mSELECT "schema_migrations"."version" FROM "schema_migrations" ORDER BY "schema_migrations"."version" ASC[0m
  ↳ bin/rails:9
  [1m[35m (0.4ms)[0m  [1m[34mSELECT "schema_migrations"."version" FROM "schema_migrations" ORDER BY "schema_migrations"."version" ASC[0m
  ↳ /home/shijie/.rbenv/versions/2.3.1/bin/annotate:23
  [1m[35m (0.1ms)[0m  [1m[34mSELECT pg_try_advisory_lock(5066897187292489500)[0m
  ↳ bin/rails:9
  [1m[35m (0.3ms)[0m  [1m[34mSELECT "schema_migrations"."version" FROM "schema_migrations" ORDER BY "schema_migrations"."version" ASC[0m
  ↳ bin/rails:9
Migrating to RemoveFriendIdFromUsers (20190227004234)
  [1m[35m (0.1ms)[0m  [1m[35mBEGIN[0m
  ↳ bin/rails:9
  [1m[35m (0.5ms)[0m  [1m[35mALTER TABLE "users" DROP COLUMN "friend_id"[0m
  ↳ db/migrate/20190227004234_remove_friend_id_from_users.rb:3
  [1m[36mActiveRecord::SchemaMigration Create (0.2ms)[0m  [1m[32mINSERT INTO "schema_migrations" ("version") VALUES ($1) RETURNING "version"[0m  [["version", "20190227004234"]]
  ↳ bin/rails:9
  [1m[35m (3.6ms)[0m  [1m[35mCOMMIT[0m
  ↳ bin/rails:9
  [1m[36mActiveRecord::InternalMetadata Load (0.2ms)[0m  [1m[34mSELECT  "ar_internal_metadata".* FROM "ar_internal_metadata" WHERE "ar_internal_metadata"."key" = $1 LIMIT $2[0m  [["key", "environment"], ["LIMIT", 1]]
  ↳ bin/rails:9
  [1m[35m (0.1ms)[0m  [1m[35mBEGIN[0m
  ↳ bin/rails:9
  [1m[35m (0.1ms)[0m  [1m[35mCOMMIT[0m
  ↳ bin/rails:9
  [1m[35m (0.2ms)[0m  [1m[34mSELECT pg_advisory_unlock(5066897187292489500)[0m
  ↳ bin/rails:9
  [1m[35m (0.2ms)[0m  [1m[34mSELECT "schema_migrations"."version" FROM "schema_migrations" ORDER BY "schema_migrations"."version" ASC[0m
  ↳ bin/rails:9
Started GET "/" for 127.0.0.1 at 2019-02-28 07:11:34 -0800
  [1m[35m (0.5ms)[0m  [1m[34mSELECT "schema_migrations"."version" FROM "schema_migrations" ORDER BY "schema_migrations"."version" ASC[0m
  ↳ /home/shijie/.rbenv/versions/2.3.1/lib/ruby/gems/2.3.0/gems/activerecord-5.2.2/lib/active_record/log_subscriber.rb:98
Processing by StaticPagesController#root as HTML
  Rendering static_pages/root.html.erb within layouts/application
  Rendered static_pages/root.html.erb within layouts/application (0.9ms)
Completed 200 OK in 1417ms (Views: 1416.0ms | ActiveRecord: 0.0ms)


Started GET "/" for 127.0.0.1 at 2019-02-28 07:13:59 -0800
  [1m[35m (0.6ms)[0m  [1m[34mSELECT "schema_migrations"."version" FROM "schema_migrations" ORDER BY "schema_migrations"."version" ASC[0m
  ↳ /home/shijie/.rbenv/versions/2.3.1/lib/ruby/gems/2.3.0/gems/activerecord-5.2.2/lib/active_record/log_subscriber.rb:98
Processing by StaticPagesController#root as HTML
  Rendering static_pages/root.html.erb within layouts/application
  Rendered static_pages/root.html.erb within layouts/application (0.6ms)
Completed 200 OK in 1484ms (Views: 1483.3ms | ActiveRecord: 0.0ms)


Started GET "/api/users" for 127.0.0.1 at 2019-02-28 07:14:04 -0800

AbstractController::ActionNotFound - The action 'index' could not be found for Api::UsersController:

Started POST "/api/users" for 127.0.0.1 at 2019-02-28 07:14:41 -0800
Processing by Api::UsersController#create as JSON
Completed 500 Internal Server Error in 3ms (ActiveRecord: 0.0ms)



SyntaxError - compile error:
  app/controllers/api/users_controller.rb:3:in `create'

Started POST "/api/users" for 127.0.0.1 at 2019-02-28 07:16:34 -0800
Processing by Api::UsersController#create as JSON
  Parameters: {"user"=>{"email"=>"alec123@gmail.com", "password"=>"[FILTERED]"}}
Completed 500 Internal Server Error in 24ms (ActiveRecord: 0.0ms)



LoadError - Unable to autoload constant User, expected /home/shijie/Desktop/full_stack_projects/sweaty/app/models/user.rb to define it:
  app/controllers/api/users_controller.rb:3:in `create'

Started POST "/api/users" for 127.0.0.1 at 2019-02-28 07:17:40 -0800
  [1m[35m (0.5ms)[0m  [1m[34mSELECT "schema_migrations"."version" FROM "schema_migrations" ORDER BY "schema_migrations"."version" ASC[0m
  ↳ /home/shijie/.rbenv/versions/2.3.1/lib/ruby/gems/2.3.0/gems/activerecord-5.2.2/lib/active_record/log_subscriber.rb:98
Processing by Api::UsersController#create as JSON
  Parameters: {"user"=>{"email"=>"alec123@gmail.com", "password"=>"[FILTERED]"}}
Completed 500 Internal Server Error in 7ms (ActiveRecord: 0.0ms)



LoadError - Unable to autoload constant User, expected /home/shijie/Desktop/full_stack_projects/sweaty/app/models/user.rb to define it:
  app/controllers/api/users_controller.rb:3:in `create'

Started POST "/api/users" for 127.0.0.1 at 2019-02-28 07:18:26 -0800
Processing by Api::UsersController#create as JSON
  Parameters: {"user"=>{"email"=>"alec123@gmail.com", "password"=>"[FILTERED]", "fname"=>"alec", "lname"=>"alec"}}
Completed 500 Internal Server Error in 3ms (ActiveRecord: 0.0ms)



LoadError - Unable to autoload constant User, expected /home/shijie/Desktop/full_stack_projects/sweaty/app/models/user.rb to define it:
  app/controllers/api/users_controller.rb:3:in `create'

Started POST "/api/users" for 127.0.0.1 at 2019-02-28 07:19:06 -0800
Processing by Api::UsersController#create as JSON
  Parameters: {"user"=>{"email"=>"alec123@gmail.com", "password"=>"[FILTERED]", "fname"=>"alec", "lname"=>"alec", "username"=>"alec123"}}
Completed 500 Internal Server Error in 3ms (ActiveRecord: 0.0ms)



LoadError - Unable to autoload constant User, expected /home/shijie/Desktop/full_stack_projects/sweaty/app/models/user.rb to define it:
  app/controllers/api/users_controller.rb:3:in `create'

Started POST "/api/users" for 127.0.0.1 at 2019-02-28 07:25:05 -0800
Processing by Api::UsersController#create as JSON
  Parameters: {"user"=>{"email"=>"alec123@gmail.com", "password"=>"[FILTERED]", "fname"=>"alec", "lname"=>"alec", "username"=>"alec123"}}
Completed 500 Internal Server Error in 3ms (ActiveRecord: 0.0ms)



LoadError - Unable to autoload constant User, expected /home/shijie/Desktop/full_stack_projects/sweaty/app/models/user.rb to define it:
  app/controllers/api/users_controller.rb:3:in `create'

  [1m[35m (0.2ms)[0m  [1m[34mSELECT pg_try_advisory_lock(5066897187292489500)[0m
  ↳ bin/rails:9
  [1m[35m (0.4ms)[0m  [1m[34mSELECT "schema_migrations"."version" FROM "schema_migrations" ORDER BY "schema_migrations"."version" ASC[0m
  ↳ bin/rails:9
  [1m[36mActiveRecord::InternalMetadata Load (0.2ms)[0m  [1m[34mSELECT  "ar_internal_metadata".* FROM "ar_internal_metadata" WHERE "ar_internal_metadata"."key" = $1 LIMIT $2[0m  [["key", "environment"], ["LIMIT", 1]]
  ↳ bin/rails:9
  [1m[35m (0.1ms)[0m  [1m[35mBEGIN[0m
  ↳ bin/rails:9
  [1m[35m (0.1ms)[0m  [1m[35mCOMMIT[0m
  ↳ bin/rails:9
  [1m[35m (0.2ms)[0m  [1m[34mSELECT pg_advisory_unlock(5066897187292489500)[0m
  ↳ bin/rails:9
  [1m[35m (0.2ms)[0m  [1m[34mSELECT "schema_migrations"."version" FROM "schema_migrations" ORDER BY "schema_migrations"."version" ASC[0m
  ↳ bin/rails:9
  [1m[36mUser Load (0.5ms)[0m  [1m[34mSELECT "users".* FROM "users"[0m
Started GET "/" for 127.0.0.1 at 2019-02-28 07:30:16 -0800
Processing by StaticPagesController#root as HTML
  Rendering static_pages/root.html.erb within layouts/application
  Rendered static_pages/root.html.erb within layouts/application (1.6ms)
Completed 200 OK in 1191ms (Views: 1189.8ms | ActiveRecord: 0.0ms)


Started POST "/api/users" for 127.0.0.1 at 2019-02-28 07:30:23 -0800
Processing by Api::UsersController#create as JSON
  Parameters: {"user"=>{"email"=>"alec123@gmail.com", "password"=>"[FILTERED]", "fname"=>"alec", "lname"=>"alec", "username"=>"alec123"}}
Unpermitted parameter: :password
  [1m[35m (0.1ms)[0m  [1m[35mBEGIN[0m
  ↳ app/controllers/api/users_controller.rb:4
  [1m[36mUser Exists (0.6ms)[0m  [1m[34mSELECT  1 AS one FROM "users" WHERE "users"."username" = $1 LIMIT $2[0m  [["username", "alec123"], ["LIMIT", 1]]
  ↳ app/controllers/api/users_controller.rb:4
  [1m[36mUser Exists (0.2ms)[0m  [1m[34mSELECT  1 AS one FROM "users" WHERE "users"."email" = $1 LIMIT $2[0m  [["email", "alec123@gmail.com"], ["LIMIT", 1]]
  ↳ app/controllers/api/users_controller.rb:4
  [1m[36mUser Exists (0.5ms)[0m  [1m[34mSELECT  1 AS one FROM "users" WHERE "users"."session_token" = $1 LIMIT $2[0m  [["session_token", "n58R9m_dhGWvdJ4zcpWThQ"], ["LIMIT", 1]]
  ↳ app/controllers/api/users_controller.rb:4
  [1m[35m (0.2ms)[0m  [1m[31mROLLBACK[0m
  ↳ app/controllers/api/users_controller.rb:4
Completed 500 Internal Server Error in 39ms (ActiveRecord: 5.0ms)



ArgumentError - wrong number of arguments (given 0, expected 2):
  app/controllers/api/users_controller.rb:8:in `create'

Started POST "/api/users" for 127.0.0.1 at 2019-02-28 07:31:02 -0800
Processing by Api::UsersController#create as JSON
  Parameters: {"user"=>{"email"=>"alec123@gmail.com", "password"=>"[FILTERED]"}}
Unpermitted parameter: :password
  [1m[35m (0.1ms)[0m  [1m[35mBEGIN[0m
  ↳ app/controllers/api/users_controller.rb:4
  [1m[36mUser Exists (0.3ms)[0m  [1m[34mSELECT  1 AS one FROM "users" WHERE "users"."username" IS NULL LIMIT $1[0m  [["LIMIT", 1]]
  ↳ app/controllers/api/users_controller.rb:4
  [1m[36mUser Exists (0.5ms)[0m  [1m[34mSELECT  1 AS one FROM "users" WHERE "users"."email" = $1 LIMIT $2[0m  [["email", "alec123@gmail.com"], ["LIMIT", 1]]
  ↳ app/controllers/api/users_controller.rb:4
  [1m[36mUser Exists (0.4ms)[0m  [1m[34mSELECT  1 AS one FROM "users" WHERE "users"."session_token" = $1 LIMIT $2[0m  [["session_token", "Zgn42lzgEvBIVif1DoBT1A"], ["LIMIT", 1]]
  ↳ app/controllers/api/users_controller.rb:4
  [1m[35m (0.2ms)[0m  [1m[31mROLLBACK[0m
  ↳ app/controllers/api/users_controller.rb:4
Completed 500 Internal Server Error in 8ms (ActiveRecord: 1.4ms)



ArgumentError - wrong number of arguments (given 0, expected 2):
  app/controllers/api/users_controller.rb:8:in `create'

Started POST "/api/users" for 127.0.0.1 at 2019-02-28 07:32:25 -0800
Processing by Api::UsersController#create as JSON
  Parameters: {"user"=>{"email"=>"alec123@gmail.com", "password"=>"[FILTERED]", "fname"=>"alec", "lname"=>"alec", "username"=>"alec123"}}
  [1m[35m (0.2ms)[0m  [1m[35mBEGIN[0m
  ↳ app/controllers/api/users_controller.rb:4
  [1m[36mUser Exists (0.5ms)[0m  [1m[34mSELECT  1 AS one FROM "users" WHERE "users"."username" = $1 LIMIT $2[0m  [["username", "alec123"], ["LIMIT", 1]]
  ↳ app/controllers/api/users_controller.rb:4
  [1m[36mUser Exists (0.2ms)[0m  [1m[34mSELECT  1 AS one FROM "users" WHERE "users"."email" = $1 LIMIT $2[0m  [["email", "alec123@gmail.com"], ["LIMIT", 1]]
  ↳ app/controllers/api/users_controller.rb:4
  [1m[36mUser Exists (0.1ms)[0m  [1m[34mSELECT  1 AS one FROM "users" WHERE "users"."session_token" = $1 LIMIT $2[0m  [["session_token", "7xjXpvdgetZjJvvL2rZePA"], ["LIMIT", 1]]
  ↳ app/controllers/api/users_controller.rb:4
  [1m[36mUser Create (0.4ms)[0m  [1m[32mINSERT INTO "users" ("email", "fname", "lname", "session_token", "password_digest", "username", "created_at", "updated_at") VALUES ($1, $2, $3, $4, $5, $6, $7, $8) RETURNING "id"[0m  [["email", "alec123@gmail.com"], ["fname", "alec"], ["lname", "alec"], ["session_token", "7xjXpvdgetZjJvvL2rZePA"], ["password_digest", "$2a$10$jeMQqdgnmWK3rXFPD5XqJeIJBVPLqknCq4INFK2TkoG2Lm8QXqrSK"], ["username", "alec123"], ["created_at", "2019-02-28 15:32:25.917892"], ["updated_at", "2019-02-28 15:32:25.917892"]]
  ↳ app/controllers/api/users_controller.rb:4
  [1m[35m (0.6ms)[0m  [1m[35mCOMMIT[0m
  ↳ app/controllers/api/users_controller.rb:4
Completed 500 Internal Server Error in 215ms (ActiveRecord: 4.6ms)



NameError - undefined local variable or method `user' for #<Api::UsersController:0x007f971c604040>
Did you mean?  @user:
  app/controllers/api/users_controller.rb:5:in `create'

Started GET "/" for 127.0.0.1 at 2019-02-28 07:32:52 -0800
Processing by StaticPagesController#root as HTML
  Rendering static_pages/root.html.erb within layouts/application
  Rendered static_pages/root.html.erb within layouts/application (0.6ms)
Completed 200 OK in 36ms (Views: 35.0ms | ActiveRecord: 0.0ms)


Started POST "/api/users" for 127.0.0.1 at 2019-02-28 07:32:56 -0800
Processing by Api::UsersController#create as JSON
  Parameters: {"user"=>{"email"=>"alec123@gmail.com", "password"=>"[FILTERED]", "fname"=>"alec", "lname"=>"alec", "username"=>"alec123"}}
  [1m[35m (0.2ms)[0m  [1m[35mBEGIN[0m
  ↳ app/controllers/api/users_controller.rb:4
  [1m[36mUser Exists (0.5ms)[0m  [1m[34mSELECT  1 AS one FROM "users" WHERE "users"."username" = $1 LIMIT $2[0m  [["username", "alec123"], ["LIMIT", 1]]
  ↳ app/controllers/api/users_controller.rb:4
  [1m[36mUser Exists (0.3ms)[0m  [1m[34mSELECT  1 AS one FROM "users" WHERE "users"."email" = $1 LIMIT $2[0m  [["email", "alec123@gmail.com"], ["LIMIT", 1]]
  ↳ app/controllers/api/users_controller.rb:4
  [1m[36mUser Exists (0.2ms)[0m  [1m[34mSELECT  1 AS one FROM "users" WHERE "users"."session_token" = $1 LIMIT $2[0m  [["session_token", "SOVMGZVkU03b3tgqHTGm9g"], ["LIMIT", 1]]
  ↳ app/controllers/api/users_controller.rb:4
  [1m[35m (0.3ms)[0m  [1m[31mROLLBACK[0m
  ↳ app/controllers/api/users_controller.rb:4
Completed 500 Internal Server Error in 97ms (ActiveRecord: 5.2ms)



ArgumentError - wrong number of arguments (given 0, expected 2):
  app/controllers/api/users_controller.rb:8:in `create'

Started POST "/api/users" for 127.0.0.1 at 2019-02-28 07:33:09 -0800
Processing by Api::UsersController#create as JSON
  Parameters: {"user"=>{"email"=>"alec123@gmail.com", "password"=>"[FILTERED]"}}
  [1m[35m (0.3ms)[0m  [1m[35mBEGIN[0m
  ↳ app/controllers/api/users_controller.rb:4
  [1m[36mUser Exists (0.3ms)[0m  [1m[34mSELECT  1 AS one FROM "users" WHERE "users"."username" IS NULL LIMIT $1[0m  [["LIMIT", 1]]
  ↳ app/controllers/api/users_controller.rb:4
  [1m[36mUser Exists (0.4ms)[0m  [1m[34mSELECT  1 AS one FROM "users" WHERE "users"."email" = $1 LIMIT $2[0m  [["email", "alec123@gmail.com"], ["LIMIT", 1]]
  ↳ app/controllers/api/users_controller.rb:4
  [1m[36mUser Exists (0.2ms)[0m  [1m[34mSELECT  1 AS one FROM "users" WHERE "users"."session_token" = $1 LIMIT $2[0m  [["session_token", "n1XBfctAq2Z81mGMQlROow"], ["LIMIT", 1]]
  ↳ app/controllers/api/users_controller.rb:4
  [1m[35m (0.1ms)[0m  [1m[31mROLLBACK[0m
  ↳ app/controllers/api/users_controller.rb:4
Completed 500 Internal Server Error in 84ms (ActiveRecord: 1.2ms)



ArgumentError - wrong number of arguments (given 0, expected 2):
  app/controllers/api/users_controller.rb:8:in `create'

Started GET "/" for 127.0.0.1 at 2019-02-28 07:34:30 -0800
Processing by StaticPagesController#root as HTML
  Rendering static_pages/root.html.erb within layouts/application
  Rendered static_pages/root.html.erb within layouts/application (0.4ms)
Completed 200 OK in 43ms (Views: 42.1ms | ActiveRecord: 0.0ms)


Started POST "/api/users" for 127.0.0.1 at 2019-02-28 07:35:02 -0800
Processing by Api::UsersController#create as JSON
  Parameters: {"user"=>{"email"=>"alec123@gmail.com", "password"=>"[FILTERED]", "fname"=>"alec", "lname"=>"alec", "username"=>"alec123"}}
  [1m[35m (0.3ms)[0m  [1m[35mBEGIN[0m
  ↳ app/controllers/api/users_controller.rb:4
  [1m[36mUser Exists (0.4ms)[0m  [1m[34mSELECT  1 AS one FROM "users" WHERE "users"."username" = $1 LIMIT $2[0m  [["username", "alec123"], ["LIMIT", 1]]
  ↳ app/controllers/api/users_controller.rb:4
  [1m[36mUser Exists (0.3ms)[0m  [1m[34mSELECT  1 AS one FROM "users" WHERE "users"."email" = $1 LIMIT $2[0m  [["email", "alec123@gmail.com"], ["LIMIT", 1]]
  ↳ app/controllers/api/users_controller.rb:4
  [1m[36mUser Exists (0.2ms)[0m  [1m[34mSELECT  1 AS one FROM "users" WHERE "users"."session_token" = $1 LIMIT $2[0m  [["session_token", "r2U86Y86vZ5mjeoP2bWOjw"], ["LIMIT", 1]]
  ↳ app/controllers/api/users_controller.rb:4
  [1m[35m (0.2ms)[0m  [1m[31mROLLBACK[0m
  ↳ app/controllers/api/users_controller.rb:4
Completed 500 Internal Server Error in 116ms (ActiveRecord: 5.1ms)



ArgumentError - wrong number of arguments (given 0, expected 2):
  app/controllers/api/users_controller.rb:8:in `create'

Started POST "/api/users" for 127.0.0.1 at 2019-02-28 07:35:31 -0800
Processing by Api::UsersController#create as JSON
  Parameters: {"user"=>{"email"=>"alec123@gmail.com", "password"=>"[FILTERED]", "fname"=>"alec", "lname"=>"alec", "username"=>"alec123"}}
  [1m[35m (0.4ms)[0m  [1m[35mBEGIN[0m
  ↳ app/controllers/api/users_controller.rb:4
  [1m[36mUser Exists (0.8ms)[0m  [1m[34mSELECT  1 AS one FROM "users" WHERE "users"."username" = $1 LIMIT $2[0m  [["username", "alec123"], ["LIMIT", 1]]
  ↳ app/controllers/api/users_controller.rb:4
  [1m[36mUser Exists (0.3ms)[0m  [1m[34mSELECT  1 AS one FROM "users" WHERE "users"."email" = $1 LIMIT $2[0m  [["email", "alec123@gmail.com"], ["LIMIT", 1]]
  ↳ app/controllers/api/users_controller.rb:4
  [1m[36mUser Exists (0.2ms)[0m  [1m[34mSELECT  1 AS one FROM "users" WHERE "users"."session_token" = $1 LIMIT $2[0m  [["session_token", "e0BLSrUBYllW-OJMxggO1g"], ["LIMIT", 1]]
  ↳ app/controllers/api/users_controller.rb:4
  [1m[35m (0.1ms)[0m  [1m[31mROLLBACK[0m
  ↳ app/controllers/api/users_controller.rb:4
Completed 500 Internal Server Error in 90ms (ActiveRecord: 1.8ms)



ArgumentError - wrong number of arguments (given 0, expected 2):
  app/controllers/api/users_controller.rb:8:in `create'

  [1m[36mUser Load (0.4ms)[0m  [1m[34mSELECT "users".* FROM "users"[0m
Started POST "/api/users" for 127.0.0.1 at 2019-02-28 07:37:21 -0800
Processing by Api::UsersController#create as JSON
  Parameters: {"user"=>{"email"=>"alec1@gmail.com", "password"=>"[FILTERED]", "fname"=>"alec", "lname"=>"alec", "username"=>"alec1"}}
  [1m[35m (0.5ms)[0m  [1m[35mBEGIN[0m
  ↳ app/controllers/api/users_controller.rb:4
  [1m[36mUser Exists (0.6ms)[0m  [1m[34mSELECT  1 AS one FROM "users" WHERE "users"."username" = $1 LIMIT $2[0m  [["username", "alec1"], ["LIMIT", 1]]
  ↳ app/controllers/api/users_controller.rb:4
  [1m[36mUser Exists (0.2ms)[0m  [1m[34mSELECT  1 AS one FROM "users" WHERE "users"."email" = $1 LIMIT $2[0m  [["email", "alec1@gmail.com"], ["LIMIT", 1]]
  ↳ app/controllers/api/users_controller.rb:4
  [1m[36mUser Exists (0.1ms)[0m  [1m[34mSELECT  1 AS one FROM "users" WHERE "users"."session_token" = $1 LIMIT $2[0m  [["session_token", "z6gv39Abbfspu2dH_-688Q"], ["LIMIT", 1]]
  ↳ app/controllers/api/users_controller.rb:4
  [1m[36mUser Create (0.2ms)[0m  [1m[32mINSERT INTO "users" ("email", "fname", "lname", "session_token", "password_digest", "username", "created_at", "updated_at") VALUES ($1, $2, $3, $4, $5, $6, $7, $8) RETURNING "id"[0m  [["email", "alec1@gmail.com"], ["fname", "alec"], ["lname", "alec"], ["session_token", "z6gv39Abbfspu2dH_-688Q"], ["password_digest", "$2a$10$mbwhe.ziks2mrqmfE7lRsOvenlo4kSShAM4HHYv8r4iq3TeftWoue"], ["username", "alec1"], ["created_at", "2019-02-28 15:37:22.075323"], ["updated_at", "2019-02-28 15:37:22.075323"]]
  ↳ app/controllers/api/users_controller.rb:4
  [1m[35m (28.0ms)[0m  [1m[35mCOMMIT[0m
  ↳ app/controllers/api/users_controller.rb:4
  [1m[35m (0.1ms)[0m  [1m[35mBEGIN[0m
  ↳ app/models/user.rb:52
  [1m[36mUser Exists (0.4ms)[0m  [1m[34mSELECT  1 AS one FROM "users" WHERE "users"."username" = $1 AND "users"."id" != $2 LIMIT $3[0m  [["username", "alec1"], ["id", 2], ["LIMIT", 1]]
  ↳ app/models/user.rb:52
  [1m[36mUser Exists (0.3ms)[0m  [1m[34mSELECT  1 AS one FROM "users" WHERE "users"."email" = $1 AND "users"."id" != $2 LIMIT $3[0m  [["email", "alec1@gmail.com"], ["id", 2], ["LIMIT", 1]]
  ↳ app/models/user.rb:52
  [1m[36mUser Exists (0.2ms)[0m  [1m[34mSELECT  1 AS one FROM "users" WHERE "users"."session_token" = $1 AND "users"."id" != $2 LIMIT $3[0m  [["session_token", "DGydHTJ9z7slrdk_sX-c7g"], ["id", 2], ["LIMIT", 1]]
  ↳ app/models/user.rb:52
  [1m[36mUser Update (0.3ms)[0m  [1m[33mUPDATE "users" SET "session_token" = $1, "updated_at" = $2 WHERE "users"."id" = $3[0m  [["session_token", "DGydHTJ9z7slrdk_sX-c7g"], ["updated_at", "2019-02-28 15:37:22.109874"], ["id", 2]]
  ↳ app/models/user.rb:52
  [1m[35m (0.5ms)[0m  [1m[35mCOMMIT[0m
  ↳ app/models/user.rb:52
  Rendering api/users/show.json.jbuilder
  Rendered api/users/_user.json.jbuilder (0.4ms)
  Rendered api/users/show.json.jbuilder (9.5ms)
Completed 200 OK in 131ms (Views: 11.6ms | ActiveRecord: 31.3ms)


Started GET "/" for 127.0.0.1 at 2019-02-28 09:52:55 -0800

PG::ConnectionBad - FATAL:  database "sweaty_development" does not exist
:

Started POST "/__better_errors/2b59d068537a055e/variables" for 127.0.0.1 at 2019-02-28 09:52:57 -0800
  [1m[35m (707.2ms)[0m  [1m[35mCREATE DATABASE "sweaty_development" ENCODING = 'unicode'[0m
  ↳ bin/rails:9
  [1m[35m (296.4ms)[0m  [1m[35mCREATE DATABASE "sweaty_test" ENCODING = 'unicode'[0m
  ↳ bin/rails:9
  [1m[35mSQL (43.7ms)[0m  [1m[35mCREATE EXTENSION IF NOT EXISTS "plpgsql"[0m
  ↳ db/schema.rb:16
  [1m[35m (8.8ms)[0m  [1m[35mDROP TABLE IF EXISTS "users" CASCADE[0m
  ↳ db/schema.rb:18
  [1m[35m (59.9ms)[0m  [1m[35mCREATE TABLE "users" ("id" bigserial primary key, "email" character varying NOT NULL, "fname" character varying, "lname" character varying, "session_token" character varying NOT NULL, "password_digest" character varying NOT NULL, "username" character varying NOT NULL, "city" character varying, "state" character varying, "country" character varying, "height" integer, "weight" integer, "birthday" date, "created_at" timestamp NOT NULL, "updated_at" timestamp NOT NULL)[0m
  ↳ db/schema.rb:18
  [1m[35m (3.0ms)[0m  [1m[35mCREATE UNIQUE INDEX  "index_users_on_email" ON "users"  ("email")[0m
  ↳ db/schema.rb:18
  [1m[35m (1.6ms)[0m  [1m[35mCREATE  INDEX  "index_users_on_fname" ON "users"  ("fname")[0m
  ↳ db/schema.rb:18
  [1m[35m (1.6ms)[0m  [1m[35mCREATE  INDEX  "index_users_on_lname" ON "users"  ("lname")[0m
  ↳ db/schema.rb:18
  [1m[35m (1.6ms)[0m  [1m[35mCREATE UNIQUE INDEX  "index_users_on_username" ON "users"  ("username")[0m
  ↳ db/schema.rb:18
  [1m[35m (4.1ms)[0m  [1m[35mCREATE TABLE "schema_migrations" ("version" character varying NOT NULL PRIMARY KEY)[0m
  ↳ db/schema.rb:13
  [1m[35m (0.8ms)[0m  [1m[34mSELECT "schema_migrations"."version" FROM "schema_migrations" ORDER BY "schema_migrations"."version" ASC[0m
  ↳ db/schema.rb:13
  [1m[35m (0.8ms)[0m  [1m[32mINSERT INTO "schema_migrations" (version) VALUES (20190227004234)[0m
  ↳ db/schema.rb:13
  [1m[35m (0.6ms)[0m  [1m[32mINSERT INTO "schema_migrations" (version) VALUES
(20190226220939);

[0m
  ↳ db/schema.rb:13
  [1m[35m (4.7ms)[0m  [1m[35mCREATE TABLE "ar_internal_metadata" ("key" character varying NOT NULL PRIMARY KEY, "value" character varying, "created_at" timestamp NOT NULL, "updated_at" timestamp NOT NULL)[0m
  ↳ db/schema.rb:13
  [1m[36mActiveRecord::InternalMetadata Load (21.7ms)[0m  [1m[34mSELECT  "ar_internal_metadata".* FROM "ar_internal_metadata" WHERE "ar_internal_metadata"."key" = $1 LIMIT $2[0m  [["key", "environment"], ["LIMIT", 1]]
  ↳ db/schema.rb:13
  [1m[35m (0.2ms)[0m  [1m[35mBEGIN[0m
  ↳ db/schema.rb:13
  [1m[36mActiveRecord::InternalMetadata Create (1.0ms)[0m  [1m[32mINSERT INTO "ar_internal_metadata" ("key", "value", "created_at", "updated_at") VALUES ($1, $2, $3, $4) RETURNING "key"[0m  [["key", "environment"], ["value", "development"], ["created_at", "2019-02-28 17:53:45.449430"], ["updated_at", "2019-02-28 17:53:45.449430"]]
  ↳ db/schema.rb:13
  [1m[35m (0.6ms)[0m  [1m[35mCOMMIT[0m
  ↳ db/schema.rb:13
  [1m[36mActiveRecord::InternalMetadata Load (0.5ms)[0m  [1m[34mSELECT  "ar_internal_metadata".* FROM "ar_internal_metadata" WHERE "ar_internal_metadata"."key" = $1 LIMIT $2[0m  [["key", "environment"], ["LIMIT", 1]]
  ↳ bin/rails:9
  [1m[35m (0.2ms)[0m  [1m[35mBEGIN[0m
  ↳ bin/rails:9
  [1m[35m (0.1ms)[0m  [1m[35mCOMMIT[0m
  ↳ bin/rails:9
  [1m[35mSQL (0.5ms)[0m  [1m[35mCREATE EXTENSION IF NOT EXISTS "plpgsql"[0m
  ↳ db/schema.rb:16
  [1m[35m (0.4ms)[0m  [1m[35mDROP TABLE IF EXISTS "users" CASCADE[0m
  ↳ db/schema.rb:18
  [1m[35m (11.2ms)[0m  [1m[35mCREATE TABLE "users" ("id" bigserial primary key, "email" character varying NOT NULL, "fname" character varying, "lname" character varying, "session_token" character varying NOT NULL, "password_digest" character varying NOT NULL, "username" character varying NOT NULL, "city" character varying, "state" character varying, "country" character varying, "height" integer, "weight" integer, "birthday" date, "created_at" timestamp NOT NULL, "updated_at" timestamp NOT NULL)[0m
  ↳ db/schema.rb:18
  [1m[35m (2.8ms)[0m  [1m[35mCREATE UNIQUE INDEX  "index_users_on_email" ON "users"  ("email")[0m
  ↳ db/schema.rb:18
  [1m[35m (1.8ms)[0m  [1m[35mCREATE  INDEX  "index_users_on_fname" ON "users"  ("fname")[0m
  ↳ db/schema.rb:18
  [1m[35m (1.8ms)[0m  [1m[35mCREATE  INDEX  "index_users_on_lname" ON "users"  ("lname")[0m
  ↳ db/schema.rb:18
  [1m[35m (1.5ms)[0m  [1m[35mCREATE UNIQUE INDEX  "index_users_on_username" ON "users"  ("username")[0m
  ↳ db/schema.rb:18
  [1m[35m (3.9ms)[0m  [1m[35mCREATE TABLE "schema_migrations" ("version" character varying NOT NULL PRIMARY KEY)[0m
  ↳ db/schema.rb:13
  [1m[35m (0.9ms)[0m  [1m[34mSELECT "schema_migrations"."version" FROM "schema_migrations" ORDER BY "schema_migrations"."version" ASC[0m
  ↳ db/schema.rb:13
  [1m[35m (0.8ms)[0m  [1m[32mINSERT INTO "schema_migrations" (version) VALUES (20190227004234)[0m
  ↳ db/schema.rb:13
  [1m[35m (0.9ms)[0m  [1m[32mINSERT INTO "schema_migrations" (version) VALUES
(20190226220939);

[0m
  ↳ db/schema.rb:13
  [1m[35m (3.6ms)[0m  [1m[35mCREATE TABLE "ar_internal_metadata" ("key" character varying NOT NULL PRIMARY KEY, "value" character varying, "created_at" timestamp NOT NULL, "updated_at" timestamp NOT NULL)[0m
  ↳ db/schema.rb:13
  [1m[36mActiveRecord::InternalMetadata Load (0.5ms)[0m  [1m[34mSELECT  "ar_internal_metadata".* FROM "ar_internal_metadata" WHERE "ar_internal_metadata"."key" = $1 LIMIT $2[0m  [["key", "environment"], ["LIMIT", 1]]
  ↳ db/schema.rb:13
  [1m[35m (0.2ms)[0m  [1m[35mBEGIN[0m
  ↳ db/schema.rb:13
  [1m[36mActiveRecord::InternalMetadata Create (0.6ms)[0m  [1m[32mINSERT INTO "ar_internal_metadata" ("key", "value", "created_at", "updated_at") VALUES ($1, $2, $3, $4) RETURNING "key"[0m  [["key", "environment"], ["value", "development"], ["created_at", "2019-02-28 17:53:45.563147"], ["updated_at", "2019-02-28 17:53:45.563147"]]
  ↳ db/schema.rb:13
  [1m[35m (0.4ms)[0m  [1m[35mCOMMIT[0m
  ↳ db/schema.rb:13
  [1m[36mActiveRecord::InternalMetadata Load (0.3ms)[0m  [1m[34mSELECT  "ar_internal_metadata".* FROM "ar_internal_metadata" WHERE "ar_internal_metadata"."key" = $1 LIMIT $2[0m  [["key", "environment"], ["LIMIT", 1]]
  ↳ bin/rails:9
  [1m[35m (0.1ms)[0m  [1m[35mBEGIN[0m
  ↳ bin/rails:9
  [1m[36mActiveRecord::InternalMetadata Update (0.5ms)[0m  [1m[33mUPDATE "ar_internal_metadata" SET "value" = $1, "updated_at" = $2 WHERE "ar_internal_metadata"."key" = $3[0m  [["value", "test"], ["updated_at", "2019-02-28 17:53:45.567685"], ["key", "environment"]]
  ↳ bin/rails:9
  [1m[35m (0.5ms)[0m  [1m[35mCOMMIT[0m
  ↳ bin/rails:9
  [1m[35m (2.2ms)[0m  [1m[34mSELECT "schema_migrations"."version" FROM "schema_migrations" ORDER BY "schema_migrations"."version" ASC[0m
  ↳ bin/rails:9
Started GET "/" for 127.0.0.1 at 2019-02-28 09:53:49 -0800
  [1m[35m (1.1ms)[0m  [1m[34mSELECT "schema_migrations"."version" FROM "schema_migrations" ORDER BY "schema_migrations"."version" ASC[0m
  ↳ /usr/local/var/rbenv/versions/2.5.0/lib/ruby/gems/2.5.0/gems/activerecord-5.2.2/lib/active_record/log_subscriber.rb:98
Processing by StaticPagesController#root as HTML
  Rendering static_pages/root.html.erb within layouts/application
  Rendered static_pages/root.html.erb within layouts/application (2.3ms)
Completed 200 OK in 4416ms (Views: 4369.0ms | ActiveRecord: 0.0ms)


Started GET "/" for 127.0.0.1 at 2019-02-28 11:34:48 -0800
Processing by StaticPagesController#root as HTML
  Rendering static_pages/root.html.erb within layouts/application
  Rendered static_pages/root.html.erb within layouts/application (74.6ms)
Started GET "/" for 127.0.0.1 at 2019-02-28 11:34:52 -0800
Processing by StaticPagesController#root as HTML
  Rendering static_pages/root.html.erb within layouts/application
  Rendered static_pages/root.html.erb within layouts/application (0.4ms)
Completed 200 OK in 3563ms (Views: 3303.8ms | ActiveRecord: 0.0ms)


Completed 200 OK in 1190ms (Views: 1188.5ms | ActiveRecord: 0.0ms)


Started GET "/" for 127.0.0.1 at 2019-02-28 11:47:40 -0800
Processing by StaticPagesController#root as HTML
  Rendering static_pages/root.html.erb within layouts/application
  Rendered static_pages/root.html.erb within layouts/application (1.7ms)
Completed 200 OK in 2350ms (Views: 2332.7ms | ActiveRecord: 0.0ms)


Started GET "/" for 127.0.0.1 at 2019-02-28 11:48:35 -0800
Processing by StaticPagesController#root as HTML
  Rendering static_pages/root.html.erb within layouts/application
  Rendered static_pages/root.html.erb within layouts/application (0.9ms)
Completed 200 OK in 1196ms (Views: 1191.6ms | ActiveRecord: 0.0ms)


Started GET "/" for 127.0.0.1 at 2019-02-28 11:49:21 -0800
Processing by StaticPagesController#root as HTML
  Rendering static_pages/root.html.erb within layouts/application
  Rendered static_pages/root.html.erb within layouts/application (0.4ms)
Completed 200 OK in 1151ms (Views: 1145.3ms | ActiveRecord: 0.0ms)


Started GET "/" for 127.0.0.1 at 2019-02-28 11:50:29 -0800
Processing by StaticPagesController#root as HTML
  Rendering static_pages/root.html.erb within layouts/application
  Rendered static_pages/root.html.erb within layouts/application (2.8ms)
Completed 200 OK in 1662ms (Views: 1653.8ms | ActiveRecord: 0.0ms)


Started GET "/" for 127.0.0.1 at 2019-02-28 11:54:15 -0800
Processing by StaticPagesController#root as HTML
  Rendering static_pages/root.html.erb within layouts/application
  Rendered static_pages/root.html.erb within layouts/application (2.4ms)
Completed 200 OK in 1313ms (Views: 1297.5ms | ActiveRecord: 0.0ms)


Started GET "/" for 127.0.0.1 at 2019-02-28 11:55:17 -0800
Processing by StaticPagesController#root as HTML
  Rendering static_pages/root.html.erb within layouts/application
  Rendered static_pages/root.html.erb within layouts/application (1.0ms)
Completed 200 OK in 1133ms (Views: 1115.0ms | ActiveRecord: 0.0ms)


Started GET "/" for 127.0.0.1 at 2019-02-28 11:56:02 -0800
Processing by StaticPagesController#root as HTML
  Rendering static_pages/root.html.erb within layouts/application
  Rendered static_pages/root.html.erb within layouts/application (0.5ms)
Completed 200 OK in 1535ms (Views: 1530.6ms | ActiveRecord: 0.0ms)


Started GET "/" for 127.0.0.1 at 2019-02-28 11:57:10 -0800
Processing by StaticPagesController#root as HTML
  Rendering static_pages/root.html.erb within layouts/application
  Rendered static_pages/root.html.erb within layouts/application (45.6ms)
Completed 200 OK in 1627ms (Views: 1612.5ms | ActiveRecord: 0.0ms)


Started GET "/" for 127.0.0.1 at 2019-02-28 11:57:32 -0800
Processing by StaticPagesController#root as HTML
  Rendering static_pages/root.html.erb within layouts/application
  Rendered static_pages/root.html.erb within layouts/application (0.7ms)
Completed 200 OK in 187ms (Views: 168.8ms | ActiveRecord: 0.0ms)


Started GET "/" for 127.0.0.1 at 2019-02-28 11:58:40 -0800
Processing by StaticPagesController#root as HTML
  Rendering static_pages/root.html.erb within layouts/application
  Rendered static_pages/root.html.erb within layouts/application (2.3ms)
Completed 200 OK in 1409ms (Views: 1396.6ms | ActiveRecord: 0.0ms)


Started GET "/" for 127.0.0.1 at 2019-02-28 11:59:58 -0800
Processing by StaticPagesController#root as HTML
  Rendering static_pages/root.html.erb within layouts/application
  Rendered static_pages/root.html.erb within layouts/application (21.3ms)
Completed 200 OK in 184ms (Views: 179.2ms | ActiveRecord: 0.0ms)


Started GET "/" for 127.0.0.1 at 2019-02-28 12:00:22 -0800
Processing by StaticPagesController#root as HTML
  Rendering static_pages/root.html.erb within layouts/application
  Rendered static_pages/root.html.erb within layouts/application (0.4ms)
Completed 200 OK in 105ms (Views: 100.7ms | ActiveRecord: 0.0ms)


Started GET "/" for 127.0.0.1 at 2019-02-28 12:00:46 -0800
Processing by StaticPagesController#root as HTML
  Rendering static_pages/root.html.erb within layouts/application
  Rendered static_pages/root.html.erb within layouts/application (0.6ms)
Completed 200 OK in 1423ms (Views: 1417.2ms | ActiveRecord: 0.0ms)


Started GET "/" for 127.0.0.1 at 2019-02-28 12:01:03 -0800
Processing by StaticPagesController#root as HTML
  Rendering static_pages/root.html.erb within layouts/application
  Rendered static_pages/root.html.erb within layouts/application (0.6ms)
Completed 200 OK in 173ms (Views: 156.5ms | ActiveRecord: 0.0ms)


Started GET "/" for 127.0.0.1 at 2019-02-28 12:02:04 -0800
Processing by StaticPagesController#root as HTML
  Rendering static_pages/root.html.erb within layouts/application
  Rendered static_pages/root.html.erb within layouts/application (0.7ms)
Completed 200 OK in 1688ms (Views: 1683.8ms | ActiveRecord: 0.0ms)


Started POST "/api/users" for 127.0.0.1 at 2019-02-28 12:02:28 -0800
Processing by Api::UsersController#create as JSON
  Parameters: {"user"=>{"username"=>"alec ", "fname"=>"alec", "lname"=>"ning", "email"=>"alec@gmail.com", "password"=>"[FILTERED]"}}
  [1m[35m (1.0ms)[0m  [1m[35mBEGIN[0m
  ↳ app/controllers/api/users_controller.rb:4
  [1m[36mUser Exists (86.7ms)[0m  [1m[34mSELECT  1 AS one FROM "users" WHERE "users"."username" = $1 LIMIT $2[0m  [["username", "alec "], ["LIMIT", 1]]
  ↳ app/controllers/api/users_controller.rb:4
  [1m[36mUser Exists (0.8ms)[0m  [1m[34mSELECT  1 AS one FROM "users" WHERE "users"."email" = $1 LIMIT $2[0m  [["email", "alec@gmail.com"], ["LIMIT", 1]]
  ↳ app/controllers/api/users_controller.rb:4
  [1m[36mUser Exists (0.6ms)[0m  [1m[34mSELECT  1 AS one FROM "users" WHERE "users"."session_token" = $1 LIMIT $2[0m  [["session_token", "5ZK42qgavjKV4NkK9BUH-A"], ["LIMIT", 1]]
  ↳ app/controllers/api/users_controller.rb:4
  [1m[36mUser Create (113.6ms)[0m  [1m[32mINSERT INTO "users" ("email", "fname", "lname", "session_token", "password_digest", "username", "created_at", "updated_at") VALUES ($1, $2, $3, $4, $5, $6, $7, $8) RETURNING "id"[0m  [["email", "alec@gmail.com"], ["fname", "alec"], ["lname", "ning"], ["session_token", "5ZK42qgavjKV4NkK9BUH-A"], ["password_digest", "$2a$10$qR30IBj3owY3ziiWva2HFeSWFYGKtC3FFFyuuqwPgh4/5VEJ9zGVy"], ["username", "alec "], ["created_at", "2019-02-28 20:02:29.609417"], ["updated_at", "2019-02-28 20:02:29.609417"]]
  ↳ app/controllers/api/users_controller.rb:4
  [1m[35m (41.3ms)[0m  [1m[35mCOMMIT[0m
  ↳ app/controllers/api/users_controller.rb:4
  [1m[35m (0.3ms)[0m  [1m[35mBEGIN[0m
  ↳ app/models/user.rb:52
  [1m[36mUser Exists (8.0ms)[0m  [1m[34mSELECT  1 AS one FROM "users" WHERE "users"."username" = $1 AND "users"."id" != $2 LIMIT $3[0m  [["username", "alec "], ["id", 1], ["LIMIT", 1]]
  ↳ app/models/user.rb:52
  [1m[36mUser Exists (1.1ms)[0m  [1m[34mSELECT  1 AS one FROM "users" WHERE "users"."email" = $1 AND "users"."id" != $2 LIMIT $3[0m  [["email", "alec@gmail.com"], ["id", 1], ["LIMIT", 1]]
  ↳ app/models/user.rb:52
  [1m[36mUser Exists (0.7ms)[0m  [1m[34mSELECT  1 AS one FROM "users" WHERE "users"."session_token" = $1 AND "users"."id" != $2 LIMIT $3[0m  [["session_token", "Lia2vVUthbu1E2-XmYIyRw"], ["id", 1], ["LIMIT", 1]]
  ↳ app/models/user.rb:52
  [1m[36mUser Update (2.4ms)[0m  [1m[33mUPDATE "users" SET "session_token" = $1, "updated_at" = $2 WHERE "users"."id" = $3[0m  [["session_token", "Lia2vVUthbu1E2-XmYIyRw"], ["updated_at", "2019-02-28 20:02:29.790775"], ["id", 1]]
  ↳ app/models/user.rb:52
  [1m[35m (0.8ms)[0m  [1m[35mCOMMIT[0m
  ↳ app/models/user.rb:52
  Rendering api/users/show.json.jbuilder
  Rendered api/users/_user.json.jbuilder (0.6ms)
  Rendered api/users/show.json.jbuilder (71.0ms)
Completed 200 OK in 975ms (Views: 104.5ms | ActiveRecord: 598.6ms)


Started GET "/" for 127.0.0.1 at 2019-02-28 13:28:53 -0800
Processing by StaticPagesController#root as HTML
  Rendering static_pages/root.html.erb within layouts/application
  Rendered static_pages/root.html.erb within layouts/application (2.7ms)
Completed 200 OK in 990ms (Views: 946.5ms | ActiveRecord: 0.0ms)


Started GET "/" for 127.0.0.1 at 2019-02-28 13:30:53 -0800
Processing by StaticPagesController#root as HTML
  Rendering static_pages/root.html.erb within layouts/application
  Rendered static_pages/root.html.erb within layouts/application (1.1ms)
Completed 200 OK in 968ms (Views: 945.0ms | ActiveRecord: 0.0ms)


Started GET "/" for 127.0.0.1 at 2019-02-28 15:09:30 -0800
Processing by StaticPagesController#root as HTML
  Rendering static_pages/root.html.erb within layouts/application
  Rendered static_pages/root.html.erb within layouts/application (238.9ms)
Completed 200 OK in 8301ms (Views: 8270.5ms | ActiveRecord: 0.0ms)


Started GET "/" for 127.0.0.1 at 2019-02-28 15:10:42 -0800
Processing by StaticPagesController#root as HTML
  Rendering static_pages/root.html.erb within layouts/application
  Rendered static_pages/root.html.erb within layouts/application (3.7ms)
Completed 200 OK in 1537ms (Views: 1514.8ms | ActiveRecord: 0.0ms)


Started GET "/" for 127.0.0.1 at 2019-02-28 15:12:23 -0800
Processing by StaticPagesController#root as HTML
  Rendering static_pages/root.html.erb within layouts/application
  Rendered static_pages/root.html.erb within layouts/application (9.4ms)
Completed 200 OK in 1697ms (Views: 1661.1ms | ActiveRecord: 0.0ms)


Started GET "/" for 127.0.0.1 at 2019-02-28 15:14:02 -0800
Processing by StaticPagesController#root as HTML
  Rendering static_pages/root.html.erb within layouts/application
  Rendered static_pages/root.html.erb within layouts/application (2.5ms)
Completed 200 OK in 1726ms (Views: 1713.5ms | ActiveRecord: 0.0ms)


Started GET "/" for 127.0.0.1 at 2019-02-28 15:14:08 -0800
Processing by StaticPagesController#root as HTML
  Rendering static_pages/root.html.erb within layouts/application
  Rendered static_pages/root.html.erb within layouts/application (12.5ms)
Completed 200 OK in 172ms (Views: 168.5ms | ActiveRecord: 0.0ms)


Started GET "/" for 127.0.0.1 at 2019-02-28 15:16:22 -0800
Processing by StaticPagesController#root as HTML
  Rendering static_pages/root.html.erb within layouts/application
  Rendered static_pages/root.html.erb within layouts/application (3.8ms)
Completed 200 OK in 2088ms (Views: 2070.8ms | ActiveRecord: 0.0ms)


Started POST "/api/session" for 127.0.0.1 at 2019-02-28 15:16:25 -0800
Processing by Api::SessionsController#create as JSON
Completed 500 Internal Server Error in 86ms (ActiveRecord: 0.0ms)



TypeError - no implicit conversion of Symbol into Integer:
  app/controllers/api/sessions_controller.rb:4:in `create'

Started POST "/api/session" for 127.0.0.1 at 2019-02-28 15:16:27 -0800
Processing by Api::SessionsController#create as JSON
Completed 500 Internal Server Error in 1ms (ActiveRecord: 0.0ms)



TypeError - no implicit conversion of Symbol into Integer:
  app/controllers/api/sessions_controller.rb:4:in `create'

Started POST "/api/session" for 127.0.0.1 at 2019-02-28 15:16:49 -0800
Processing by Api::SessionsController#create as JSON
Completed 500 Internal Server Error in 1ms (ActiveRecord: 0.0ms)



TypeError - no implicit conversion of Symbol into Integer:
  app/controllers/api/sessions_controller.rb:4:in `create'

Started POST "/api/session" for 127.0.0.1 at 2019-02-28 15:17:00 -0800
Processing by Api::SessionsController#create as JSON
Completed 500 Internal Server Error in 2ms (ActiveRecord: 0.0ms)



TypeError - no implicit conversion of Symbol into Integer:
  app/controllers/api/sessions_controller.rb:4:in `create'

Started GET "/" for 127.0.0.1 at 2019-02-28 15:18:06 -0800
Processing by StaticPagesController#root as HTML
  Rendering static_pages/root.html.erb within layouts/application
  Rendered static_pages/root.html.erb within layouts/application (3.8ms)
Completed 200 OK in 250ms (Views: 198.0ms | ActiveRecord: 0.0ms)


Started POST "/api/session" for 127.0.0.1 at 2019-02-28 15:18:07 -0800
Processing by Api::SessionsController#create as JSON
Completed 500 Internal Server Error in 13ms (ActiveRecord: 0.0ms)



TypeError - no implicit conversion of Symbol into Integer:
  app/controllers/api/sessions_controller.rb:4:in `create'

Started POST "/api/session" for 127.0.0.1 at 2019-02-28 15:18:07 -0800
Processing by Api::SessionsController#create as JSON
Completed 500 Internal Server Error in 6ms (ActiveRecord: 0.0ms)



TypeError - no implicit conversion of Symbol into Integer:
  app/controllers/api/sessions_controller.rb:4:in `create'

Started GET "/" for 127.0.0.1 at 2019-02-28 15:18:13 -0800
Processing by StaticPagesController#root as HTML
  Rendering static_pages/root.html.erb within layouts/application
  Rendered static_pages/root.html.erb within layouts/application (18.5ms)
Completed 200 OK in 153ms (Views: 149.4ms | ActiveRecord: 0.0ms)


Started POST "/api/session" for 127.0.0.1 at 2019-02-28 15:18:14 -0800
Processing by Api::SessionsController#create as JSON
Completed 500 Internal Server Error in 3ms (ActiveRecord: 0.0ms)



TypeError - no implicit conversion of Symbol into Integer:
  app/controllers/api/sessions_controller.rb:4:in `create'

Started POST "/api/session" for 127.0.0.1 at 2019-02-28 15:18:14 -0800
Processing by Api::SessionsController#create as JSON
Completed 500 Internal Server Error in 14ms (ActiveRecord: 0.0ms)



TypeError - no implicit conversion of Symbol into Integer:
  app/controllers/api/sessions_controller.rb:4:in `create'

Started GET "/" for 127.0.0.1 at 2019-02-28 15:19:23 -0800
Processing by StaticPagesController#root as HTML
  Rendering static_pages/root.html.erb within layouts/application
  Rendered static_pages/root.html.erb within layouts/application (4.1ms)
Completed 200 OK in 1992ms (Views: 1973.1ms | ActiveRecord: 0.0ms)


Started POST "/api/session" for 127.0.0.1 at 2019-02-28 15:19:25 -0800
Processing by Api::SessionsController#create as JSON
Completed 500 Internal Server Error in 2ms (ActiveRecord: 0.0ms)



TypeError - no implicit conversion of Symbol into Integer:
  app/controllers/api/sessions_controller.rb:4:in `create'

Started POST "/api/session" for 127.0.0.1 at 2019-02-28 15:19:26 -0800
Processing by Api::SessionsController#create as JSON
Completed 500 Internal Server Error in 2ms (ActiveRecord: 0.0ms)



TypeError - no implicit conversion of Symbol into Integer:
  app/controllers/api/sessions_controller.rb:4:in `create'

